<?xml version="1.0" encoding="UTF-8"?>
<!-- Generated by org.testng.reporters.JUnitReportReporter -->
<testsuite hostname="LAPTOP-DA570GJ2" failures="0" tests="3" name="BaseTest" time="25.346" errors="0" timestamp="2023-07-13T22:30:04 IST" skipped="0">
  <testcase classname="BaseTest" name="testGETAPI" time="12.068"/>
  <system-out/>
  <testcase classname="BaseTest" name="testPATCHAPI" time="8.358"/>
  <system-out/>
  <testcase classname="BaseTest" name="testPUTAPI" time="4.920"/>
  <system-out/>
</testsuite> <!-- BaseTest -->
