<?xml version="1.0" encoding="UTF-8"?>
<!-- Generated by org.testng.reporters.JUnitReportReporter -->
<testsuite hostname="LAPTOP-DA570GJ2" failures="0" tests="1" name="BaseTest" time="14.861" errors="0" timestamp="2023-07-13T23:14:28 IST" skipped="0">
  <testcase classname="BaseTest" name="testLogin" time="14.861"/>
  <system-out/>
</testsuite> <!-- BaseTest -->
